Arguments: 
  /Users/wilfred/.nvm/versions/node/v10.11.0/bin/node /usr/local/Cellar/yarn/1.16.0/libexec/bin/yarn.js add --dev shx

PATH: 
  /Users/wilfred/bin:/usr/local/opt/icu4c/sbin:/Users/wilfred/.nvm/versions/node/v10.11.0/bin:/Users/wilfred/.cargo/bin:/usr/local/bin:/usr/local/sbin:/usr/bin:/bin:/usr/sbin:/sbin:/Users/wilfred/.bin:/Users/wilfred/golang/bin:/usr/local/opt/go/libexec/bin

Yarn version: 
  1.16.0

Node version: 
  10.11.0

Platform: 
  darwin x64

Trace: 
  SyntaxError: /Users/wilfred/workspace/vue-autoextra/package.json: Unexpected token } in JSON at position 218
      at JSON.parse (<anonymous>)
      at /usr/local/Cellar/yarn/1.16.0/libexec/lib/cli.js:1625:59
      at Generator.next (<anonymous>)
      at step (/usr/local/Cellar/yarn/1.16.0/libexec/lib/cli.js:304:30)
      at /usr/local/Cellar/yarn/1.16.0/libexec/lib/cli.js:315:13

npm manifest: 
  {
    "name": "vue-autoextra",
    "version": "0.1.0",
    "description": "Autoextra for Vue",
    "main": "lib/index.js",
    "author": "Wilfred Springer",
    "license": "MIT",
    "private": false,
    "scripts": {
      "compile"
    },
    "devDependencies": {
      "coffeescript": "^2.4.1"
    },
    "dependencies": {
      "vue": "^2.6.10"
    }
  }

yarn manifest: 
  No manifest

Lockfile: 
  # THIS IS AN AUTOGENERATED FILE. DO NOT EDIT THIS FILE DIRECTLY.
  # yarn lockfile v1
  
  
  coffeescript@^2.4.1:
    version "2.4.1"
    resolved "https://registry.yarnpkg.com/coffeescript/-/coffeescript-2.4.1.tgz#815fd337df0a34d49e74a98a6ebea9c3e7930f70"
    integrity sha512-34GV1aHrsMpTaO3KfMJL40ZNuvKDR/g98THHnE9bQj8HjMaZvSrLik99WWqyMhRtbe8V5hpx5iLgdcSvM/S2wg==
  
  vue@^2.6.10:
    version "2.6.10"
    resolved "https://registry.yarnpkg.com/vue/-/vue-2.6.10.tgz#a72b1a42a4d82a721ea438d1b6bf55e66195c637"
    integrity sha512-ImThpeNU9HbdZL3utgMCq0oiMzAkt1mcgy3/E6zWC/G6AaQoeuFdsl9nDhTDU3X1R6FK7nsIUuRACVcjI+A2GQ==
